<?xml version="1.0" encoding="utf-8"?><testsuites name="pytest tests"><testsuite name="pytest" errors="0" failures="0" skipped="0" tests="11" time="1.049" timestamp="2026-06-16T09:12:37.183955+00:00" hostname="agent-env-c59e5be5-2d7b-458d-af92-a3fa664270da"><testcase classname="backend.tests.test_bas_api.TestBrands" name="test_brands_fragrance" time="0.215" /><testcase classname="backend.tests.test_bas_api.TestBrands" name="test_brands_skincare" time="0.046" /><testcase classname="backend.tests.test_bas_api.TestBrands" name="test_brands_all" time="0.048" /><testcase classname="backend.tests.test_bas_api.TestProducts" name="test_products_fragrance" time="0.044" /><testcase classname="backend.tests.test_bas_api.TestProducts" name="test_products_skincare" time="0.043" /><testcase classname="backend.tests.test_bas_api.TestProducts" name="test_products_bestseller_fragrance" time="0.043" /><testcase classname="backend.tests.test_bas_api.TestProducts" name="test_products_new_fragrance" time="0.043" /><testcase classname="backend.tests.test_bas_api.TestReviews" name="test_reviews" time="0.044" /><testcase classname="backend.tests.test_bas_api.TestNewsletter" name="test_subscribe_valid" time="0.077" /><testcase classname="backend.tests.test_bas_api.TestNewsletter" name="test_subscribe_duplicate" time="0.086" /><testcase classname="backend.tests.test_bas_api.TestNewsletter" name="test_subscribe_invalid" time="0.046" /></testsuite></testsuites>