<?xml version="1.0" encoding="utf-8"?><testsuites name="pytest tests"><testsuite name="pytest" errors="0" failures="0" skipped="0" tests="7" time="1.303" timestamp="2026-06-16T02:05:35.972271+00:00" hostname="agent-env-c59e5be5-2d7b-458d-af92-a3fa664270da"><testcase classname="backend.tests.test_luxelle_api.TestBrands" name="test_get_brands_returns_4" time="0.265" /><testcase classname="backend.tests.test_luxelle_api.TestProducts" name="test_get_all_products" time="0.134" /><testcase classname="backend.tests.test_luxelle_api.TestProducts" name="test_get_new_products" time="0.105" /><testcase classname="backend.tests.test_luxelle_api.TestProducts" name="test_get_bestseller_products" time="0.164" /><testcase classname="backend.tests.test_luxelle_api.TestNewsletter" name="test_subscribe_valid_email" time="0.149" /><testcase classname="backend.tests.test_luxelle_api.TestNewsletter" name="test_subscribe_duplicate_email" time="0.200" /><testcase classname="backend.tests.test_luxelle_api.TestNewsletter" name="test_subscribe_invalid_email" time="0.119" /></testsuite></testsuites>